<?xml version="1.0" encoding="UTF-8"?>
<!-- Generated by org.testng.reporters.JUnitXMLReporter -->
<testsuite hostname="LRW744" name="Test" tests="4" failures="0" timestamp="23 Jun 2016 16:47:26 GMT" time="49.34" errors="0">
  <testcase name="testBasePage" time="5.966" classname="com.campusclaritycourse.tests.ThinkAboutItTest"/>
  <testcase name="testLoginPage" time="1.202" classname="com.campusclaritycourse.tests.ThinkAboutItTest"/>
  <testcase name="testHomePage" time="4.13" classname="com.campusclaritycourse.tests.ThinkAboutItTest"/>
  <testcase name="testPrologueSection" time="28.709" classname="com.campusclaritycourse.tests.ThinkAboutItTest"/>
</testsuite> <!-- Test -->
