<?xml version="1.0" encoding="UTF-8"?>
<!-- Generated by org.testng.reporters.JUnitXMLReporter -->
<testsuite hostname="LRW744" name="Default test" tests="9" failures="0" timestamp="2 Jul 2016 00:26:07 GMT" time="1736.192" errors="0">
  <testcase name="testBasePage" time="6.866" classname="com.campusclaritycourse.tests.ThinkAboutItTest"/>
  <testcase name="testLoginPage" time="2.381" classname="com.campusclaritycourse.tests.ThinkAboutItTest"/>
  <testcase name="testHomePage" time="5.424" classname="com.campusclaritycourse.tests.ThinkAboutItTest"/>
  <testcase name="testPrologueSection" time="15.003" classname="com.campusclaritycourse.tests.ThinkAboutItTest"/>
  <testcase name="testSexInCollegeSection" time="2.003" classname="com.campusclaritycourse.tests.ThinkAboutItTest"/>
  <testcase name="testHealthyRelationShipsSection" time="0.004" classname="com.campusclaritycourse.tests.ThinkAboutItTest"/>
  <testcase name="testPartyingSmartSection" time="181.768" classname="com.campusclaritycourse.tests.ThinkAboutItTest"/>
  <testcase name="testSexualViolenceSection" time="1479.388" classname="com.campusclaritycourse.tests.ThinkAboutItTest"/>
  <testcase name="testEpilogueSection" time="34.662" classname="com.campusclaritycourse.tests.ThinkAboutItTest"/>
</testsuite> <!-- Default test -->
